/usr/local/lib/python3.9/dist-packages/luma/core/interface/serial.py:203: RuntimeWarning: This channel is already in use, continuing anyway.  Use GPIO.setwarnings(False) to disable warnings.
  self._gpio.setup(pin, self._gpio.OUT)
/usr/local/lib/python3.9/dist-packages/luma/lcd/device.py:78: RuntimeWarning: This channel is already in use, continuing anyway.  Use GPIO.setwarnings(False) to disable warnings.
  self._gpio.setup(self._pin, self._gpio.OUT)
OK
Touch @ (198, 117)
[BUTTON] Menu1
Touch @ (297, 211)
[BUTTON] Back
Touch @ (219, 157)
[BUTTON] Menu2
Touch @ (298, 208)
[BUTTON] Back
Touch @ (221, 188)
[BUTTON] Menu3
Touch @ (215, 157)
[BUTTON] Select Resort
Touch @ (293, 159)
[BUTTON] Down
[SelectResort] Scrolled down to index 1
Touch @ (291, 159)
[BUTTON] Down
[SelectResort] Scrolled down to index 2
Touch @ (188, 192)
[BUTTON] SelectCurrent
[SelectResort] Selected: 'Big White' (index 2) saved to skihill.conf
Touch @ (200, 204)
Touch @ (203, 194)
[BUTTON] Config WiFi
Touch @ (288, 154)
[BUTTON] SSID_DOWN
[WiFi] SSID changed to: DIRECT-sc-EPSON-ET-3850 Series
Touch @ (295, 160)
[BUTTON] SSID_DOWN
[WiFi] SSID changed to: SHAW-0130
Touch @ (288, 160)
[BUTTON] SSID_DOWN
Touch @ (284, 120)
[BUTTON] SSID_UP
[WiFi] SSID changed to: DIRECT-sc-EPSON-ET-3850 Series
Touch @ (287, 123)
[BUTTON] SSID_UP
[WiFi] SSID changed to: ThornNet
Touch @ (200, 228)
[BUTTON] PASSWORD
Touch @ (184, 105)
[BUTTON] h
[Keyboard] Input now: 'h'
Touch @ (288, 80)
[BUTTON] o
[Keyboard] Input now: 'ho'
Touch @ (284, 79)
[BUTTON] o
[Keyboard] Input now: 'hoo'
Touch @ (300, 187)
[BUTTON] Enter
[WiFi] PASSWORD set.
Touch @ (294, 215)
[BUTTON] Back
[WiFi] wpa_supplicant.conf saved.
[WiFi] wpa_cli reconfigure succeeded!
Touch @ (291, 209)
[BUTTON] Back
Touch @ (211, 225)
[BUTTON] Menu4
Touch @ (296, 209)
[BUTTON] Back
Touch @ (0, 211)
Touch @ (0, 213)
Touch @ (0, 210)
Touch @ (0, 210)
Touch @ (0, 209)
Touch @ (0, 210)
Touch @ (0, 211)
Touch @ (0, 212)
Touch @ (0, 210)
Touch @ (0, 210)
Touch @ (0, 210)
Touch @ (0, 209)
Touch @ (0, 209)
Touch @ (0, 211)
Touch @ (0, 209)
Touch @ (0, 211)
Touch @ (0, 212)
Touch @ (0, 210)
Touch @ (0, 211)
Touch @ (0, 211)
Touch @ (0, 208)
Touch @ (0, 212)
Touch @ (0, 210)
Touch @ (0, 211)
Touch @ (0, 210)
Touch @ (0, 211)
Touch @ (0, 210)
Touch @ (0, 208)
Touch @ (0, 210)
Touch @ (0, 209)
Touch @ (0, 209)
Touch @ (0, 210)
Touch @ (0, 212)
Touch @ (0, 209)
Touch @ (0, 210)
Touch @ (0, 210)
Touch @ (0, 210)
Touch @ (0, 210)
Touch @ (0, 219)
Touch @ (0, 208)
Touch @ (0, 210)
Touch @ (0, 211)
Touch @ (0, 210)
Touch @ (0, 210)
Touch @ (0, 212)
Touch @ (0, 210)
Touch @ (0, 210)
Touch @ (0, 210)
Touch @ (0, 211)
Touch @ (0, 210)
Touch @ (0, 209)
Touch @ (0, 211)
Touch @ (0, 210)
Touch @ (0, 211)
Touch @ (0, 209)
Touch @ (0, 211)
Touch @ (0, 210)
Touch @ (0, 209)
Touch @ (0, 210)
Touch @ (0, 210)
Touch @ (0, 210)
Touch @ (0, 211)
Touch @ (0, 209)
Touch @ (0, 210)
Touch @ (0, 210)
Touch @ (0, 211)
Touch @ (0, 210)
Touch @ (0, 209)
Touch @ (0, 211)
Touch @ (0, 210)
Touch @ (0, 212)
Touch @ (0, 208)
Touch @ (0, 210)
Touch @ (0, 213)
Touch @ (0, 211)
Touch @ (0, 210)
Touch @ (0, 210)
Touch @ (0, 210)
Touch @ (0, 213)
Touch @ (0, 210)
Touch @ (0, 234)
Touch @ (0, 210)
Touch @ (0, 212)
Touch @ (0, 210)
Touch @ (0, 210)
Touch @ (0, 210)
Touch @ (0, 210)
Touch @ (0, 212)
Touch @ (0, 210)
Touch @ (0, 210)
Touch @ (0, 210)
Touch @ (0, 210)
Touch @ (0, 209)
Touch @ (0, 213)
Touch @ (0, 210)
Touch @ (0, 211)
Touch @ (0, 210)
Touch @ (0, 212)
Touch @ (0, 212)
Touch @ (0, 211)
Touch @ (0, 211)
Touch @ (0, 211)
Touch @ (0, 210)
Touch @ (0, 211)
Touch @ (0, 210)
Touch @ (0, 211)
Touch @ (0, 211)
Touch @ (0, 210)
Touch @ (0, 209)
Touch @ (0, 212)
Touch @ (0, 210)
Touch @ (0, 210)
Touch @ (0, 211)
Touch @ (0, 210)
Touch @ (0, 210)
Touch @ (0, 211)
Touch @ (0, 211)
Touch @ (0, 209)
Touch @ (0, 210)
Touch @ (0, 208)
Touch @ (0, 210)
Touch @ (0, 210)
Touch @ (0, 211)
Touch @ (0, 211)
Touch @ (0, 211)
Touch @ (0, 212)
Touch @ (0, 210)
Touch @ (0, 210)
Touch @ (0, 212)
Touch @ (0, 211)
Touch @ (0, 210)
Touch @ (0, 209)
Touch @ (0, 210)
Touch @ (0, 212)
Touch @ (0, 211)
Touch @ (0, 210)
Touch @ (0, 210)
Touch @ (0, 212)
Touch @ (0, 210)
Touch @ (0, 211)
Touch @ (0, 211)
Touch @ (0, 210)
Touch @ (0, 210)
Touch @ (0, 208)
Touch @ (0, 211)
Touch @ (0, 210)
Touch @ (0, 235)
Touch @ (0, 212)
Touch @ (0, 213)
Touch @ (0, 213)
Touch @ (0, 210)
Touch @ (0, 211)
Touch @ (0, 212)
Touch @ (0, 210)
Touch @ (0, 211)
Touch @ (0, 210)
Touch @ (0, 209)
Touch @ (0, 210)
Touch @ (0, 210)
Touch @ (0, 209)
Touch @ (0, 211)
Touch @ (0, 212)
Touch @ (0, 210)
Touch @ (0, 213)
Touch @ (0, 212)
Touch @ (0, 210)
Touch @ (0, 210)
Touch @ (0, 210)
Touch @ (0, 210)
Touch @ (0, 211)
Touch @ (0, 211)
Touch @ (0, 210)
Touch @ (0, 210)
Touch @ (0, 209)
Touch @ (0, 210)
Touch @ (0, 210)
Touch @ (0, 208)
Touch @ (0, 239)
Touch @ (0, 210)
Touch @ (0, 211)
Touch @ (0, 210)
Touch @ (0, 209)
Touch @ (0, 211)
Touch @ (0, 213)
Touch @ (0, 212)
Touch @ (0, 210)
Touch @ (0, 211)
Touch @ (0, 211)
Touch @ (0, 211)
Touch @ (0, 235)
Touch @ (0, 210)
Touch @ (0, 211)
Touch @ (0, 210)
Touch @ (0, 209)
Touch @ (0, 210)
Touch @ (0, 212)
Touch @ (0, 211)
Touch @ (0, 210)
Touch @ (0, 210)
Touch @ (0, 209)
Touch @ (0, 209)
Touch @ (0, 211)
Touch @ (0, 211)
Touch @ (0, 211)
Touch @ (0, 213)
Touch @ (0, 210)
Touch @ (0, 210)
Touch @ (0, 210)
Touch @ (0, 211)
Touch @ (0, 211)
Touch @ (0, 210)
Touch @ (0, 210)
Touch @ (0, 210)
Touch @ (0, 208)
Touch @ (0, 210)
Touch @ (0, 211)
Touch @ (0, 211)
Touch @ (0, 210)
Touch @ (0, 210)
Touch @ (0, 212)
Touch @ (0, 213)
Touch @ (0, 212)
Touch @ (0, 211)
Touch @ (0, 209)
Touch @ (0, 210)
Touch @ (0, 210)
Touch @ (0, 209)
Touch @ (0, 211)
Touch @ (0, 211)
Touch @ (0, 213)
Touch @ (0, 234)
Touch @ (0, 211)
Touch @ (0, 212)
Touch @ (0, 210)
Touch @ (0, 213)
Touch @ (0, 209)
Touch @ (0, 210)
Touch @ (0, 211)
Touch @ (0, 210)
Touch @ (0, 211)
Touch @ (0, 210)
Touch @ (0, 210)
Touch @ (0, 211)
Touch @ (0, 210)
Touch @ (0, 212)
Touch @ (0, 211)
Touch @ (0, 210)
Touch @ (0, 210)
Touch @ (0, 210)
Touch @ (0, 212)
Touch @ (0, 210)
Touch @ (0, 210)
Touch @ (0, 210)
Touch @ (0, 209)
Touch @ (0, 210)
Touch @ (0, 211)
Touch @ (0, 211)
Touch @ (0, 210)
Touch @ (0, 211)
Touch @ (0, 210)
Touch @ (0, 210)
Touch @ (0, 210)
Touch @ (0, 210)
Touch @ (0, 210)
Touch @ (0, 211)
Touch @ (0, 210)
Touch @ (0, 210)
Touch @ (0, 210)
Touch @ (0, 210)
Touch @ (0, 210)
Touch @ (0, 211)
Touch @ (0, 233)
Touch @ (0, 208)
Touch @ (0, 212)
Touch @ (0, 210)
Touch @ (0, 239)
Touch @ (0, 211)
Touch @ (0, 210)
Touch @ (0, 210)
Touch @ (0, 211)
Touch @ (0, 209)
Touch @ (0, 209)
Touch @ (0, 210)
Touch @ (0, 213)
Touch @ (0, 209)
Touch @ (0, 214)
Touch @ (0, 210)
Touch @ (0, 213)
Touch @ (0, 210)
Touch @ (0, 211)
Touch @ (0, 212)
Touch @ (0, 212)
Touch @ (0, 209)
Touch @ (0, 209)
Touch @ (0, 216)
Touch @ (0, 211)
Touch @ (0, 210)
Touch @ (0, 208)
Touch @ (0, 210)
Touch @ (0, 211)
Touch @ (0, 212)
Touch @ (0, 211)
Touch @ (0, 210)
Touch @ (0, 211)
Touch @ (0, 210)
Touch @ (0, 210)
Touch @ (0, 210)
Touch @ (0, 210)
Touch @ (0, 212)
Touch @ (0, 210)
Touch @ (0, 209)
Touch @ (0, 212)
Touch @ (0, 214)
Touch @ (0, 210)
Touch @ (0, 211)
Touch @ (0, 210)
Touch @ (0, 211)
Touch @ (0, 210)
Touch @ (0, 210)
Touch @ (0, 210)
Touch @ (0, 210)
Touch @ (0, 210)
Touch @ (0, 210)
Touch @ (0, 210)
Touch @ (0, 210)
Touch @ (0, 210)
Touch @ (0, 210)
Touch @ (0, 211)
Touch @ (0, 211)
Touch @ (0, 211)
Touch @ (0, 210)
Touch @ (0, 212)
Touch @ (0, 210)
Touch @ (0, 210)
Touch @ (0, 210)
Touch @ (0, 211)
Touch @ (0, 211)
Touch @ (0, 213)
Touch @ (0, 212)
Touch @ (0, 210)
Touch @ (0, 210)
Touch @ (0, 208)
Touch @ (0, 211)
Touch @ (0, 210)
Touch @ (0, 212)
Touch @ (0, 211)
Touch @ (0, 211)
Touch @ (0, 210)
Touch @ (0, 213)
Touch @ (0, 209)
Touch @ (0, 210)
Touch @ (0, 210)
Touch @ (0, 210)
Touch @ (0, 211)
Touch @ (0, 211)
Touch @ (0, 211)
Touch @ (0, 210)
Touch @ (0, 211)
Touch @ (0, 211)
Touch @ (0, 210)
Touch @ (0, 209)
Touch @ (0, 211)
Touch @ (0, 210)
Touch @ (0, 239)
Touch @ (0, 209)
Touch @ (0, 212)
Touch @ (0, 209)
Touch @ (0, 209)
Touch @ (0, 210)
Touch @ (0, 210)
Touch @ (0, 209)
Touch @ (0, 212)
Touch @ (0, 210)
Touch @ (0, 210)
Touch @ (0, 211)
Touch @ (0, 210)
Touch @ (0, 210)
Touch @ (0, 211)
Touch @ (0, 211)
Touch @ (0, 210)
Touch @ (0, 210)
Touch @ (0, 211)
Touch @ (0, 210)
Touch @ (0, 210)
Touch @ (0, 210)
Touch @ (0, 210)
Touch @ (0, 211)
Touch @ (0, 211)
Touch @ (0, 209)
Touch @ (0, 210)
Touch @ (0, 211)
Touch @ (0, 211)
Touch @ (0, 210)
Touch @ (0, 211)
Touch @ (0, 212)
Touch @ (0, 210)
Touch @ (0, 211)
Touch @ (0, 211)
Touch @ (0, 210)
Touch @ (0, 210)
Touch @ (0, 209)
Touch @ (0, 212)
Touch @ (0, 210)